java.io.IOException: Cannot run program "C:\Program Files\Java\jdk1.8.0_271\bin\java.exe" (in directory "D:\原桌面\服务器上的临时存档\main_fpga\scala"): CreateProcess error=2, 系统找不到指定的文件。
  java.base/java.lang.ProcessBuilder.start(ProcessBuilder.java:1140)
  java.base/java.lang.ProcessBuilder.start(ProcessBuilder.java:1074)
  os.proc.proc$lzyINIT1$1(ProcessOps.scala:343)
  os.proc.os$proc$$_$proc$1(ProcessOps.scala:349)
  os.proc.spawn(ProcessOps.scala:353)
  os.proc.spawn(ProcessOps.scala:377)
  os.proc.call(ProcessOps.scala:222)
  scala.build.internal.OsLibc$.javaVersion(OsLibc.scala:78)
  scala.build.internal.OsLibc$.javaHomeVersion(OsLibc.scala:93)
  scala.cli.commands.shared.SharedOptions.$anonfun$37$$anonfun$1(SharedOptions.scala:579)
  scala.Option.map(Option.scala:242)
  scala.cli.commands.shared.SharedOptions.$anonfun$37(SharedOptions.scala:578)
  scala.Option.orElse(Option.scala:477)
  scala.cli.commands.shared.SharedOptions.bloopRifleConfig$$anonfun$1(SharedOptions.scala:584)
  scala.build.EitherCps$Helper.apply(EitherCps.scala:19)
  scala.cli.commands.shared.SharedOptions.bloopRifleConfig(SharedOptions.scala:569)
  scala.cli.commands.bsp.Bsp$.runCommand(Bsp.scala:147)
  scala.cli.commands.bsp.Bsp$.runCommand(Bsp.scala:76)
  scala.cli.commands.ScalaCommand.run(ScalaCommand.scala:390)
  scala.cli.commands.ScalaCommand.run(ScalaCommand.scala:371)
  caseapp.core.app.CaseApp.main(CaseApp.scala:166)
  scala.cli.commands.ScalaCommand.main(ScalaCommand.scala:356)
  caseapp.core.app.CommandsEntryPoint.main(CommandsEntryPoint.scala:370)
  scala.cli.ScalaCliCommands.main(ScalaCliCommands.scala:125)
  scala.cli.ScalaCli$.main0(ScalaCli.scala:320)
  scala.cli.ScalaCli$.main(ScalaCli.scala:124)
  scala.cli.ScalaCli.main(ScalaCli.scala)
java.io.IOException: CreateProcess error=2, 系统找不到指定的文件。
  java.base/java.lang.ProcessImpl.create(Native Method)
  java.base/java.lang.ProcessImpl.<init>(ProcessImpl.java:500)
  java.base/java.lang.ProcessImpl.start(ProcessImpl.java:159)
  java.base/java.lang.ProcessBuilder.start(ProcessBuilder.java:1111)
  java.base/java.lang.ProcessBuilder.start(ProcessBuilder.java:1074)
  os.proc.proc$lzyINIT1$1(ProcessOps.scala:343)
  os.proc.os$proc$$_$proc$1(ProcessOps.scala:349)
  os.proc.spawn(ProcessOps.scala:353)
  os.proc.spawn(ProcessOps.scala:377)
  os.proc.call(ProcessOps.scala:222)
  scala.build.internal.OsLibc$.javaVersion(OsLibc.scala:78)
  scala.build.internal.OsLibc$.javaHomeVersion(OsLibc.scala:93)
  scala.cli.commands.shared.SharedOptions.$anonfun$37$$anonfun$1(SharedOptions.scala:579)
  scala.Option.map(Option.scala:242)
  scala.cli.commands.shared.SharedOptions.$anonfun$37(SharedOptions.scala:578)
  scala.Option.orElse(Option.scala:477)
  scala.cli.commands.shared.SharedOptions.bloopRifleConfig$$anonfun$1(SharedOptions.scala:584)
  scala.build.EitherCps$Helper.apply(EitherCps.scala:19)
  scala.cli.commands.shared.SharedOptions.bloopRifleConfig(SharedOptions.scala:569)
  scala.cli.commands.bsp.Bsp$.runCommand(Bsp.scala:147)
  scala.cli.commands.bsp.Bsp$.runCommand(Bsp.scala:76)
  scala.cli.commands.ScalaCommand.run(ScalaCommand.scala:390)
  scala.cli.commands.ScalaCommand.run(ScalaCommand.scala:371)
  caseapp.core.app.CaseApp.main(CaseApp.scala:166)
  scala.cli.commands.ScalaCommand.main(ScalaCommand.scala:356)
  caseapp.core.app.CommandsEntryPoint.main(CommandsEntryPoint.scala:370)
  scala.cli.ScalaCliCommands.main(ScalaCliCommands.scala:125)
  scala.cli.ScalaCli$.main0(ScalaCli.scala:320)
  scala.cli.ScalaCli$.main(ScalaCli.scala:124)
  scala.cli.ScalaCli.main(ScalaCli.scala)
